  Building Custom Rule C:/Users/Workstation/Desktop/TetrisCmake/project/libs/CMakeLists.txt
  CMake does not need to re-run because C:/Users/Workstation/Desktop/TetrisCmake/_builds/project/libs/CMakeFiles/generate.stamp is up-to-date.
  random_uint32_t.cpp
C:\Users\Workstation\Desktop\TetrisCmake\project\libs\include\random_uint32_t.h(18,26): warning C4251:  'Random_uint32_t::m_Engine': class 'std::mersenne_twister_engine<unsigned int,32,624,397,31,2567483615,11,4294967295,7,2636928640,15,4022730752,18,1812433253>' needs to have dll-interface to be used by clients of class 'Random_uint32_t'
C:\Program Files (x86)\Microsoft Visual Studio\2019\Community\VC\Tools\MSVC\14.22.27905\include\random(5053): message :  see declaration of 'std::mersenne_twister_engine<unsigned int,32,624,397,31,2567483615,11,4294967295,7,2636928640,15,4022730752,18,1812433253>'
C:\Users\Workstation\Desktop\TetrisCmake\project\libs\include\random_uint32_t.h(19,43): warning C4251:  'Random_uint32_t::m_Generator': class 'std::function<uint32_t (void)>' needs to have dll-interface to be used by clients of class 'Random_uint32_t'
  tetris.cpp
C:\Users\Workstation\Desktop\TetrisCmake\project\libs\include\random_uint32_t.h(19): message :  see declaration of 'std::function<uint32_t (void)>'
C:\Users\Workstation\Desktop\TetrisCmake\project\libs\include\tetris_object.h(38,33): warning C4251:  'TetrisObject::m_pRotationFunc': class 'std::function<std::unique_ptr<TetrisObject,std::default_delete<_Ty>> (void)>' needs to have dll-interface to be used by clients of class 'TetrisObject'
C:\Users\Workstation\Desktop\TetrisCmake\project\libs\include\tetris_object.h(38,33): warning C4251:         with
C:\Users\Workstation\Desktop\TetrisCmake\project\libs\include\tetris_object.h(38,33): warning C4251:         [
C:\Users\Workstation\Desktop\TetrisCmake\project\libs\include\tetris_object.h(38,33): warning C4251:             _Ty=TetrisObject
C:\Users\Workstation\Desktop\TetrisCmake\project\libs\include\tetris_object.h(38,33): warning C4251:         ]
C:\Users\Workstation\Desktop\TetrisCmake\project\libs\include\tetris_object.h(12): message :  see declaration of 'std::function<std::unique_ptr<TetrisObject,std::default_delete<_Ty>> (void)>'
C:\Users\Workstation\Desktop\TetrisCmake\project\libs\include\tetris_object.h(12): message :         with
C:\Users\Workstation\Desktop\TetrisCmake\project\libs\include\tetris_object.h(12): message :         [
C:\Users\Workstation\Desktop\TetrisCmake\project\libs\include\tetris_object.h(12): message :             _Ty=TetrisObject
C:\Users\Workstation\Desktop\TetrisCmake\project\libs\include\tetris_object.h(12): message :         ]
C:\Users\Workstation\Desktop\TetrisCmake\project\libs\include\random_uint32_t.h(18,26): warning C4251:  'Random_uint32_t::m_Engine': class 'std::mersenne_twister_engine<unsigned int,32,624,397,31,2567483615,11,4294967295,7,2636928640,15,4022730752,18,1812433253>' needs to have dll-interface to be used by clients of class 'Random_uint32_t'
C:\Program Files (x86)\Microsoft Visual Studio\2019\Community\VC\Tools\MSVC\14.22.27905\include\random(5053): message :  see declaration of 'std::mersenne_twister_engine<unsigned int,32,624,397,31,2567483615,11,4294967295,7,2636928640,15,4022730752,18,1812433253>'
C:\Users\Workstation\Desktop\TetrisCmake\project\libs\include\random_uint32_t.h(19,43): warning C4251:  'Random_uint32_t::m_Generator': class 'std::function<uint32_t (void)>' needs to have dll-interface to be used by clients of class 'Random_uint32_t'
C:\Users\Workstation\Desktop\TetrisCmake\project\libs\include\random_uint32_t.h(19): message :  see declaration of 'std::function<uint32_t (void)>'
C:\Users\Workstation\Desktop\TetrisCmake\project\libs\include\tetris.h(43,28): warning C4251:  'tetris::m_pObject': class 'std::unique_ptr<TetrisObject,std::default_delete<_Ty>>' needs to have dll-interface to be used by clients of class 'tetris'
C:\Users\Workstation\Desktop\TetrisCmake\project\libs\include\tetris.h(43,28): warning C4251:         with
C:\Users\Workstation\Desktop\TetrisCmake\project\libs\include\tetris.h(43,28): warning C4251:         [
C:\Users\Workstation\Desktop\TetrisCmake\project\libs\include\tetris.h(43,28): warning C4251:             _Ty=TetrisObject
C:\Users\Workstation\Desktop\TetrisCmake\project\libs\include\tetris.h(43,28): warning C4251:         ]
C:\Users\Workstation\Desktop\TetrisCmake\project\libs\include\tetris_object.h(11): message :  see declaration of 'std::unique_ptr<TetrisObject,std::default_delete<_Ty>>'
C:\Users\Workstation\Desktop\TetrisCmake\project\libs\include\tetris_object.h(11): message :         with
C:\Users\Workstation\Desktop\TetrisCmake\project\libs\include\tetris_object.h(11): message :         [
C:\Users\Workstation\Desktop\TetrisCmake\project\libs\include\tetris_object.h(11): message :             _Ty=TetrisObject
C:\Users\Workstation\Desktop\TetrisCmake\project\libs\include\tetris_object.h(11): message :         ]
C:\Users\Workstation\Desktop\TetrisCmake\project\libs\include\tetris.h(50,101): warning C4251:  'tetris::m_LastTime': class 'std::chrono::time_point<std::chrono::system_clock,std::chrono::system_clock::duration>' needs to have dll-interface to be used by clients of class 'tetris'
C:\Program Files (x86)\Microsoft Visual Studio\2019\Community\VC\Tools\MSVC\14.22.27905\include\chrono(547): message :  see declaration of 'std::chrono::time_point<std::chrono::system_clock,std::chrono::system_clock::duration>'
C:\Users\Workstation\Desktop\TetrisCmake\project\libs\include\tetris.h(51,65): warning C4251:  'tetris::m_TimeNow': class 'std::chrono::time_point<std::chrono::system_clock,std::chrono::system_clock::duration>' needs to have dll-interface to be used by clients of class 'tetris'
C:\Program Files (x86)\Microsoft Visual Studio\2019\Community\VC\Tools\MSVC\14.22.27905\include\chrono(547): message :  see declaration of 'std::chrono::time_point<std::chrono::system_clock,std::chrono::system_clock::duration>'
C:\Users\Workstation\Desktop\TetrisCmake\project\libs\include\tetris.h(52,51): warning C4251:  'tetris::m_TimeDifference': class 'std::chrono::duration<double,std::ratio<1,1>>' needs to have dll-interface to be used by clients of class 'tetris'
C:\Program Files (x86)\Microsoft Visual Studio\2019\Community\VC\Tools\MSVC\14.22.27905\include\chrono(632): message :  see declaration of 'std::chrono::duration<double,std::ratio<1,1>>'
C:\Users\Workstation\Desktop\TetrisCmake\project\libs\src\tetris.cpp(91,113): warning C4267:  '=': conversion from 'size_t' to 'SHORT', possible loss of data
C:\Users\Workstation\Desktop\TetrisCmake\project\libs\src\tetris.cpp(92,52): warning C4267:  '=': conversion from 'size_t' to 'SHORT', possible loss of data
C:\Users\Workstation\Desktop\TetrisCmake\project\libs\src\tetris.cpp(110,113): warning C4267:  '=': conversion from 'size_t' to 'SHORT', possible loss of data
C:\Users\Workstation\Desktop\TetrisCmake\project\libs\src\tetris.cpp(111,52): warning C4267:  '=': conversion from 'size_t' to 'SHORT', possible loss of data
C:\Users\Workstation\Desktop\TetrisCmake\project\libs\src\tetris.cpp(172,1): warning C4996:  'kbhit': The POSIX name for this item is deprecated. Instead, use the ISO C and C++ conformant name: _kbhit. See online help for details.
  tetris_object.cpp
C:\Program Files (x86)\Windows Kits\10\Include\10.0.17134.0\ucrt\conio.h(459): message :  see declaration of 'kbhit'
C:\Users\Workstation\Desktop\TetrisCmake\project\libs\include\tetris_object.h(38,33): warning C4251:  'TetrisObject::m_pRotationFunc': class 'std::function<std::unique_ptr<TetrisObject,std::default_delete<_Ty>> (void)>' needs to have dll-interface to be used by clients of class 'TetrisObject'
C:\Users\Workstation\Desktop\TetrisCmake\project\libs\include\tetris_object.h(38,33): warning C4251:         with
C:\Users\Workstation\Desktop\TetrisCmake\project\libs\include\tetris_object.h(38,33): warning C4251:         [
C:\Users\Workstation\Desktop\TetrisCmake\project\libs\include\tetris_object.h(38,33): warning C4251:             _Ty=TetrisObject
C:\Users\Workstation\Desktop\TetrisCmake\project\libs\include\tetris_object.h(38,33): warning C4251:         ]
  Generating Code...
C:\Users\Workstation\Desktop\TetrisCmake\project\libs\include\tetris_object.h(12): message :  see declaration of 'std::function<std::unique_ptr<TetrisObject,std::default_delete<_Ty>> (void)>'
C:\Users\Workstation\Desktop\TetrisCmake\project\libs\include\tetris_object.h(12): message :         with
C:\Users\Workstation\Desktop\TetrisCmake\project\libs\include\tetris_object.h(12): message :         [
C:\Users\Workstation\Desktop\TetrisCmake\project\libs\include\tetris_object.h(12): message :             _Ty=TetrisObject
C:\Users\Workstation\Desktop\TetrisCmake\project\libs\include\tetris_object.h(12): message :         ]
     Creating library C:/Users/Workstation/Desktop/TetrisCmake/_builds/project/libs/Debug/tetris_game.lib and object C:/Users/Workstation/Desktop/TetrisCmake/_builds/project/libs/Debug/tetris_game.exp
  tetris_game.vcxproj -> C:\Users\Workstation\Desktop\TetrisCmake\_builds\bin\Debug\tetris_game.dll
