  Building Custom Rule C:/Users/Workstation/Documents/CPP/TetrisCmake/project/main/CMakeLists.txt
  CMake does not need to re-run because C:/Users/Workstation/Documents/CPP/TetrisCmake/_builds/project/main/CMakeFiles/generate.stamp is up-to-date.
  main.cpp
C:\Users\Workstation\Documents\CPP\TetrisCmake\project\libs\tetris_engine\include\tetris.h(43,28): warning C4251:  'tetris::m_pObject': class 'std::unique_ptr<TetrisObject,std::default_delete<_Ty>>' needs to have dll-interface to be used by clients of class 'tetris'
C:\Users\Workstation\Documents\CPP\TetrisCmake\project\libs\tetris_engine\include\tetris.h(43,28): warning C4251:         with
C:\Users\Workstation\Documents\CPP\TetrisCmake\project\libs\tetris_engine\include\tetris.h(43,28): warning C4251:         [
C:\Users\Workstation\Documents\CPP\TetrisCmake\project\libs\tetris_engine\include\tetris.h(43,28): warning C4251:             _Ty=TetrisObject
C:\Users\Workstation\Documents\CPP\TetrisCmake\project\libs\tetris_engine\include\tetris.h(43,28): warning C4251:         ]
C:\Users\Workstation\Documents\CPP\TetrisCmake\project\libs\tetris_obj\include\tetris_object.h(11): message :  see declaration of 'std::unique_ptr<TetrisObject,std::default_delete<_Ty>>'
C:\Users\Workstation\Documents\CPP\TetrisCmake\project\libs\tetris_obj\include\tetris_object.h(11): message :         with
C:\Users\Workstation\Documents\CPP\TetrisCmake\project\libs\tetris_obj\include\tetris_object.h(11): message :         [
C:\Users\Workstation\Documents\CPP\TetrisCmake\project\libs\tetris_obj\include\tetris_object.h(11): message :             _Ty=TetrisObject
C:\Users\Workstation\Documents\CPP\TetrisCmake\project\libs\tetris_obj\include\tetris_object.h(11): message :         ]
C:\Users\Workstation\Documents\CPP\TetrisCmake\project\libs\tetris_engine\include\tetris.h(44,36): warning C4251:  'tetris::m_rand_6': class 'Random_uint32_t' needs to have dll-interface to be used by clients of class 'tetris'
C:\Users\Workstation\Documents\CPP\TetrisCmake\project\libs\rand_num_gen\include\random_uint32_t.h(9): message :  see declaration of 'Random_uint32_t'
C:\Users\Workstation\Documents\CPP\TetrisCmake\project\libs\tetris_engine\include\tetris.h(50,101): warning C4251:  'tetris::m_LastTime': class 'std::chrono::time_point<std::chrono::system_clock,std::chrono::system_clock::duration>' needs to have dll-interface to be used by clients of class 'tetris'
C:\Program Files (x86)\Microsoft Visual Studio\2019\Community\VC\Tools\MSVC\14.22.27905\include\chrono(547): message :  see declaration of 'std::chrono::time_point<std::chrono::system_clock,std::chrono::system_clock::duration>'
C:\Users\Workstation\Documents\CPP\TetrisCmake\project\libs\tetris_engine\include\tetris.h(51,65): warning C4251:  'tetris::m_TimeNow': class 'std::chrono::time_point<std::chrono::system_clock,std::chrono::system_clock::duration>' needs to have dll-interface to be used by clients of class 'tetris'
C:\Program Files (x86)\Microsoft Visual Studio\2019\Community\VC\Tools\MSVC\14.22.27905\include\chrono(547): message :  see declaration of 'std::chrono::time_point<std::chrono::system_clock,std::chrono::system_clock::duration>'
C:\Users\Workstation\Documents\CPP\TetrisCmake\project\libs\tetris_engine\include\tetris.h(52,51): warning C4251:  'tetris::m_TimeDifference': class 'std::chrono::duration<double,std::ratio<1,1>>' needs to have dll-interface to be used by clients of class 'tetris'
C:\Program Files (x86)\Microsoft Visual Studio\2019\Community\VC\Tools\MSVC\14.22.27905\include\chrono(632): message :  see declaration of 'std::chrono::duration<double,std::ratio<1,1>>'
  tetris.vcxproj -> C:\Users\Workstation\Documents\CPP\TetrisCmake\_builds\bin\Debug\tetris.exe
